0 info it worked if it ends with ok
1 verbose cli [ '/usr/local/Cellar/node/0.12.7/bin/node',
1 verbose cli   '/usr/local/bin/npm',
1 verbose cli   'install',
1 verbose cli   'git+https://git@github.com/hustlzp/generator-rr.git' ]
2 info using npm@3.7.3
3 info using node@v5.8.0
4 silly loadCurrentTree Starting
5 silly install loadCurrentTree
6 silly install readLocalPackageData
7 silly fetchPackageMetaData git+https://git@github.com/hustlzp/generator-rr.git
8 silly fetchOtherPackageData git+https://git@github.com/hustlzp/generator-rr.git
9 silly cache add args [ 'git+https://git@github.com/hustlzp/generator-rr.git', null ]
10 verbose cache add spec git+https://git@github.com/hustlzp/generator-rr.git
11 silly cache add parsed spec Result {
11 silly cache add   raw: 'git+https://git@github.com/hustlzp/generator-rr.git',
11 silly cache add   scope: null,
11 silly cache add   name: null,
11 silly cache add   rawSpec: 'git+https://git@github.com/hustlzp/generator-rr.git',
11 silly cache add   spec: 'git+https://git@github.com/hustlzp/generator-rr.git',
11 silly cache add   type: 'hosted',
11 silly cache add   hosted:
11 silly cache add    { type: 'github',
11 silly cache add      ssh: 'git@github.com:hustlzp/generator-rr.git',
11 silly cache add      sshUrl: 'git+ssh://git@github.com/hustlzp/generator-rr.git',
11 silly cache add      httpsUrl: 'git+https://git@github.com/hustlzp/generator-rr.git',
11 silly cache add      gitUrl: 'git://git@github.com/hustlzp/generator-rr.git',
11 silly cache add      shortcut: 'github:hustlzp/generator-rr',
11 silly cache add      directUrl: 'https://git@raw.githubusercontent.com/hustlzp/generator-rr/master/package.json' } }
12 verbose addRemoteGit caching git+https://git@github.com/hustlzp/generator-rr.git
13 verbose addRemoteGit git+https://git@github.com/hustlzp/generator-rr.git is a repository hosted by github
14 silly tryClone cloning git+https://git@github.com/hustlzp/generator-rr.git via git+https://git@github.com/hustlzp/generator-rr.git
15 verbose tryClone git-https-git-github-com-hustlzp-generator-rr-git-85b7275d not in flight; caching
16 verbose correctMkdir /Users/hustlzp/.npm/_git-remotes correctMkdir not in flight; initializing
17 info git [ 'clone',
17 info git   '--template=/Users/hustlzp/.npm/_git-remotes/_templates',
17 info git   '--mirror',
17 info git   'https://git@github.com/hustlzp/generator-rr.git',
17 info git   '/Users/hustlzp/.npm/_git-remotes/git-https-git-github-com-hustlzp-generator-rr-git-85b7275d' ]
18 verbose mirrorRemote git+https://git@github.com/hustlzp/generator-rr.git git clone https://git@github.com/hustlzp/generator-rr.git
19 verbose correctMkdir /Users/hustlzp/.npm/_git-remotes correctMkdir not in flight; initializing
20 verbose setPermissions git+https://git@github.com/hustlzp/generator-rr.git set permissions on /Users/hustlzp/.npm/_git-remotes/git-https-git-github-com-hustlzp-generator-rr-git-85b7275d
21 verbose resolveHead git+https://git@github.com/hustlzp/generator-rr.git original treeish: master
22 info git [ 'rev-list', '-n1', 'master' ]
23 silly resolveHead git+https://git@github.com/hustlzp/generator-rr.git resolved treeish: 4abdfec40548f5bca44cf5fce9cc580aad19a745
24 verbose resolveHead git+https://git@github.com/hustlzp/generator-rr.git resolved Git URL: git+https://git@github.com/hustlzp/generator-rr.git#4abdfec40548f5bca44cf5fce9cc580aad19a745
25 silly resolveHead Git working directory: /var/folders/9g/w7yj2wss0yl_lpl6p8p9yvvc0000gn/T/npm-80434-784f1435/git-cache-e0619b73/4abdfec40548f5bca44cf5fce9cc580aad19a745
26 info git [ 'clone',
26 info git   '/Users/hustlzp/.npm/_git-remotes/git-https-git-github-com-hustlzp-generator-rr-git-85b7275d',
26 info git   '/var/folders/9g/w7yj2wss0yl_lpl6p8p9yvvc0000gn/T/npm-80434-784f1435/git-cache-e0619b73/4abdfec40548f5bca44cf5fce9cc580aad19a745' ]
27 verbose cloneResolved git+https://git@github.com/hustlzp/generator-rr.git clone Cloning into '/var/folders/9g/w7yj2wss0yl_lpl6p8p9yvvc0000gn/T/npm-80434-784f1435/git-cache-e0619b73/4abdfec40548f5bca44cf5fce9cc580aad19a745'...
27 verbose cloneResolved done.
28 info git [ 'checkout', '4abdfec40548f5bca44cf5fce9cc580aad19a745' ]
29 verbose checkoutTreeish git+https://git@github.com/hustlzp/generator-rr.git checkout Note: checking out '4abdfec40548f5bca44cf5fce9cc580aad19a745'.
29 verbose checkoutTreeish
29 verbose checkoutTreeish You are in 'detached HEAD' state. You can look around, make experimental
29 verbose checkoutTreeish changes and commit them, and you can discard any commits you make in this
29 verbose checkoutTreeish state without impacting any branches by performing another checkout.
29 verbose checkoutTreeish
29 verbose checkoutTreeish If you want to create a new branch to retain commits you create, you may
29 verbose checkoutTreeish do so (now or later) by using -b with the checkout command again. Example:
29 verbose checkoutTreeish
29 verbose checkoutTreeish   git checkout -b <new-branch-name>
29 verbose checkoutTreeish
29 verbose checkoutTreeish HEAD is now at 4abdfec... Update doc.
30 info git [ 'submodule', '-q', 'update', '--init', '--recursive' ]
31 verbose updateSubmodules git+https://git@github.com/hustlzp/generator-rr.git submodule update
32 verbose addLocalDirectory /Users/hustlzp/.npm/generator-rr/0.0.0/package.tgz not in flight; packing
33 verbose correctMkdir /Users/hustlzp/.npm correctMkdir not in flight; initializing
34 verbose tar pack [ '/Users/hustlzp/.npm/generator-rr/0.0.0/package.tgz',
34 verbose tar pack   '/var/folders/9g/w7yj2wss0yl_lpl6p8p9yvvc0000gn/T/npm-80434-784f1435/git-cache-e0619b73/4abdfec40548f5bca44cf5fce9cc580aad19a745' ]
35 verbose tarball /Users/hustlzp/.npm/generator-rr/0.0.0/package.tgz
36 verbose folder /var/folders/9g/w7yj2wss0yl_lpl6p8p9yvvc0000gn/T/npm-80434-784f1435/git-cache-e0619b73/4abdfec40548f5bca44cf5fce9cc580aad19a745
37 verbose addLocalTarball adding from inside cache /Users/hustlzp/.npm/generator-rr/0.0.0/package.tgz
38 verbose correctMkdir /Users/hustlzp/.npm correctMkdir not in flight; initializing
39 verbose addRemoteGit data._from: git+https://git@github.com/hustlzp/generator-rr.git
40 verbose addRemoteGit data._resolved: git+https://git@github.com/hustlzp/generator-rr.git#4abdfec40548f5bca44cf5fce9cc580aad19a745
41 silly cache afterAdd generator-rr@0.0.0
42 verbose afterAdd /Users/hustlzp/.npm/generator-rr/0.0.0/package/package.json not in flight; writing
43 verbose correctMkdir /Users/hustlzp/.npm correctMkdir not in flight; initializing
44 verbose afterAdd /Users/hustlzp/.npm/generator-rr/0.0.0/package/package.json written
45 silly install normalizeTree
46 silly loadCurrentTree Finishing
47 silly loadIdealTree Starting
48 silly install loadIdealTree
49 silly cloneCurrentTree Starting
50 silly install cloneCurrentTreeToIdealTree
51 silly cloneCurrentTree Finishing
52 silly loadShrinkwrap Starting
53 silly install loadShrinkwrap
54 silly loadShrinkwrap Finishing
55 silly loadAllDepsIntoIdealTree Starting
56 silly install loadAllDepsIntoIdealTree
57 silly rollbackFailedOptional Starting
58 silly rollbackFailedOptional Finishing
59 silly runTopLevelLifecycles Starting
60 silly runTopLevelLifecycles Finishing
61 silly install printInstalled
62 verbose stack Error: Refusing to install generator-rr as a dependency of itself
62 verbose stack     at checkSelf (/usr/local/lib/node_modules/npm/lib/install/validate-args.js:53:14)
62 verbose stack     at Array.<anonymous> (/usr/local/lib/node_modules/npm/node_modules/slide/lib/bind-actor.js:15:8)
62 verbose stack     at LOOP (/usr/local/lib/node_modules/npm/node_modules/slide/lib/chain.js:15:14)
62 verbose stack     at chain (/usr/local/lib/node_modules/npm/node_modules/slide/lib/chain.js:20:5)
62 verbose stack     at /usr/local/lib/node_modules/npm/lib/install/validate-args.js:16:5
62 verbose stack     at /usr/local/lib/node_modules/npm/node_modules/slide/lib/async-map.js:52:35
62 verbose stack     at Array.forEach (native)
62 verbose stack     at /usr/local/lib/node_modules/npm/node_modules/slide/lib/async-map.js:52:11
62 verbose stack     at Array.forEach (native)
62 verbose stack     at asyncMap (/usr/local/lib/node_modules/npm/node_modules/slide/lib/async-map.js:51:8)
63 verbose cwd /private/var/www/generator-rr
64 error Darwin 15.4.0
65 error argv "/usr/local/Cellar/node/0.12.7/bin/node" "/usr/local/bin/npm" "install" "git+https://git@github.com/hustlzp/generator-rr.git"
66 error node v5.8.0
67 error npm  v3.7.3
68 error code ENOSELF
69 error Refusing to install generator-rr as a dependency of itself
70 error If you need help, you may report this error at:
70 error     <https://github.com/npm/npm/issues>
71 verbose exit [ 1, true ]
